app/build/intermediates/manifest_merge_blame_file/debug/manifest-merger-blame-debug-report.txt
1<?xml version="1.0" encoding="utf-8"?>
2<manifest xmlns:android="http://schemas.android.com/apk/res/android"
3    package="com.example.tp_istic_2020"
4    android:versionCode="1"
5    android:versionName="1.0" >
6
7    <uses-sdk
8        android:minSdkVersion="24"
8-->src\main\AndroidManifest.xml
9        android:targetSdkVersion="29" />
9-->src\main\AndroidManifest.xml
10
11    <application
11-->src\main\AndroidManifest.xml:5:5-32:19
12        android:allowBackup="true"
12-->src\main\AndroidManifest.xml:6:9-35
13        android:appComponentFactory="androidx.core.app.CoreComponentFactory"
13-->[androidx.core:core:1.3.2] AndroidManifest.xml:24:18-86
14        android:debuggable="true"
15        android:extractNativeLibs="false"
16        android:icon="@mipmap/ic_launcher"
16-->src\main\AndroidManifest.xml:7:9-43
17        android:label="@string/app_name"
17-->src\main\AndroidManifest.xml:8:9-41
18        android:roundIcon="@mipmap/ic_launcher_round"
18-->src\main\AndroidManifest.xml:9:9-54
19        android:supportsRtl="true"
19-->src\main\AndroidManifest.xml:10:9-35
20        android:theme="@style/AppTheme" >
20-->src\main\AndroidManifest.xml:11:9-40
21        <activity android:name="com.example.tp_istic_2020.ActividadPreguntas" />
21-->src\main\AndroidManifest.xml:12:9-65
21-->src\main\AndroidManifest.xml:12:19-53
22        <activity android:name="com.example.tp_istic_2020.modificarInf" />
22-->src\main\AndroidManifest.xml:13:9-50
22-->src\main\AndroidManifest.xml:13:19-47
23        <activity android:name="com.example.tp_istic_2020.borradoInf" />
23-->src\main\AndroidManifest.xml:14:9-48
23-->src\main\AndroidManifest.xml:14:19-45
24        <activity android:name="com.example.tp_istic_2020.altaInf" />
24-->src\main\AndroidManifest.xml:15:9-45
24-->src\main\AndroidManifest.xml:15:19-42
25        <activity android:name="com.example.tp_istic_2020.listadoInf" />
25-->src\main\AndroidManifest.xml:16:9-48
25-->src\main\AndroidManifest.xml:16:19-45
26        <activity android:name="com.example.tp_istic_2020.menuCRUD" />
26-->src\main\AndroidManifest.xml:17:9-46
26-->src\main\AndroidManifest.xml:17:19-43
27        <activity android:name="com.example.tp_istic_2020.ItemActivity" />
27-->src\main\AndroidManifest.xml:18:9-50
27-->src\main\AndroidManifest.xml:18:19-47
28        <activity android:name="com.example.tp_istic_2020.Listado" />
28-->src\main\AndroidManifest.xml:19:9-45
28-->src\main\AndroidManifest.xml:19:19-42
29        <activity android:name="com.example.tp_istic_2020.ActividadGps" />
29-->src\main\AndroidManifest.xml:20:9-50
29-->src\main\AndroidManifest.xml:20:19-47
30        <activity android:name="com.example.tp_istic_2020.OkRegistro" />
30-->src\main\AndroidManifest.xml:21:9-48
30-->src\main\AndroidManifest.xml:21:19-45
31        <activity android:name="com.example.tp_istic_2020.ActividadRegistro" />
31-->src\main\AndroidManifest.xml:22:9-55
31-->src\main\AndroidManifest.xml:22:19-52
32        <activity android:name="com.example.tp_istic_2020.ActividadMenu" />
32-->src\main\AndroidManifest.xml:23:9-51
32-->src\main\AndroidManifest.xml:23:19-48
33        <activity android:name="com.example.tp_istic_2020.ActividadLogin" />
33-->src\main\AndroidManifest.xml:24:9-52
33-->src\main\AndroidManifest.xml:24:19-49
34        <activity android:name="com.example.tp_istic_2020.MainActivity" >
34-->src\main\AndroidManifest.xml:25:9-31:20
34-->src\main\AndroidManifest.xml:25:19-47
35            <intent-filter>
35-->src\main\AndroidManifest.xml:26:13-30:29
36                <action android:name="android.intent.action.MAIN" />
36-->src\main\AndroidManifest.xml:27:17-69
36-->src\main\AndroidManifest.xml:27:25-66
37
38                <category android:name="android.intent.category.LAUNCHER" />
38-->src\main\AndroidManifest.xml:29:17-77
38-->src\main\AndroidManifest.xml:29:27-74
39            </intent-filter>
40        </activity>
41    </application>
42
43</manifest>